 => ERROR [client-portal build 6/6] RUN npm run build                                                                                                 23.6s
------
 > [client-portal build 6/6] RUN npm run build:
1.184
1.184 > client-portal@0.1.0 build
1.184 > tsc && vite build
1.184
23.35 src/contexts/AuthContext.tsx(2,10): error TS2305: Module '"../services/api"' has no exported member 'apiGet'.
23.35 src/services/api.ts(1,22): error TS2580: Cannot find name 'process'. Do you need to install type definitions for node? Try `npm i --save-dev @types/node`.
23.35 src/services/api.ts(92,15): error TS2339: Property 'Authorization' does not exist on type 'HeadersInit'.
23.35   Property 'Authorization' does not exist on type '[string, string][]'.
------
failed to solve: process "/bin/sh -c npm run build" did not complete successfully: exit code: 2